app/build/intermediates/manifest_merge_blame_file/release/manifest-merger-blame-release-report.txt
1<?xml version="1.0" encoding="utf-8"?>
2<manifest xmlns:android="http://schemas.android.com/apk/res/android"
3    package="com.shortcuts.app"
4    android:versionCode="1"
5    android:versionName="1.0" >
6
7    <uses-sdk
8        android:minSdkVersion="26"
9        android:targetSdkVersion="34" />
10
11    <uses-permission android:name="android.permission.INTERNET" />
11-->src/main/AndroidManifest.xml:5:5-67
11-->src/main/AndroidManifest.xml:5:22-64
12    <uses-permission android:name="android.permission.ACCESS_WIFI_STATE" />
12-->src/main/AndroidManifest.xml:6:5-76
12-->src/main/AndroidManifest.xml:6:22-73
13    <uses-permission android:name="android.permission.CHANGE_WIFI_STATE" />
13-->src/main/AndroidManifest.xml:7:5-76
13-->src/main/AndroidManifest.xml:7:22-73
14    <uses-permission android:name="android.permission.BLUETOOTH" />
14-->src/main/AndroidManifest.xml:8:5-68
14-->src/main/AndroidManifest.xml:8:22-65
15    <uses-permission android:name="android.permission.BLUETOOTH_ADMIN" />
15-->src/main/AndroidManifest.xml:9:5-74
15-->src/main/AndroidManifest.xml:9:22-71
16    <uses-permission android:name="android.permission.WAKE_LOCK" />
16-->[androidx.work:work-runtime:2.7.1] AndroidManifest.xml:25:5-68
16-->[androidx.work:work-runtime:2.7.1] AndroidManifest.xml:25:22-65
17    <uses-permission android:name="android.permission.ACCESS_NETWORK_STATE" />
17-->[androidx.work:work-runtime:2.7.1] AndroidManifest.xml:26:5-79
17-->[androidx.work:work-runtime:2.7.1] AndroidManifest.xml:26:22-76
18    <uses-permission android:name="android.permission.RECEIVE_BOOT_COMPLETED" />
18-->[androidx.work:work-runtime:2.7.1] AndroidManifest.xml:27:5-81
18-->[androidx.work:work-runtime:2.7.1] AndroidManifest.xml:27:22-78
19    <uses-permission android:name="android.permission.FOREGROUND_SERVICE" />
19-->[androidx.work:work-runtime:2.7.1] AndroidManifest.xml:28:5-77
19-->[androidx.work:work-runtime:2.7.1] AndroidManifest.xml:28:22-74
20
21    <permission
21-->[androidx.core:core:1.12.0] AndroidManifest.xml:22:5-24:47
22        android:name="com.shortcuts.app.DYNAMIC_RECEIVER_NOT_EXPORTED_PERMISSION"
22-->[androidx.core:core:1.12.0] AndroidManifest.xml:23:9-81
23        android:protectionLevel="signature" />
23-->[androidx.core:core:1.12.0] AndroidManifest.xml:24:9-44
24
25    <uses-permission android:name="com.shortcuts.app.DYNAMIC_RECEIVER_NOT_EXPORTED_PERMISSION" />
25-->[androidx.core:core:1.12.0] AndroidManifest.xml:26:5-97
25-->[androidx.core:core:1.12.0] AndroidManifest.xml:26:22-94
26
27    <application
27-->src/main/AndroidManifest.xml:11:5-24:19
28        android:allowBackup="true"
28-->src/main/AndroidManifest.xml:12:9-35
29        android:appComponentFactory="androidx.core.app.CoreComponentFactory"
29-->[androidx.core:core:1.12.0] AndroidManifest.xml:28:18-86
30        android:extractNativeLibs="false"
31        android:label="Shortcuts"
31-->src/main/AndroidManifest.xml:13:9-34
32        android:supportsRtl="true"
32-->src/main/AndroidManifest.xml:14:9-35
33        android:theme="@android:style/Theme.Material.Light.NoActionBar" >
33-->src/main/AndroidManifest.xml:15:9-72
34        <activity
34-->src/main/AndroidManifest.xml:16:9-23:20
35            android:name="com.shortcuts.app.ui.MainActivity"
35-->src/main/AndroidManifest.xml:17:13-44
36            android:exported="true" >
36-->src/main/AndroidManifest.xml:18:13-36
37            <intent-filter>
37-->src/main/AndroidManifest.xml:19:13-22:29
38                <action android:name="android.intent.action.MAIN" />
38-->src/main/AndroidManifest.xml:20:17-69
38-->src/main/AndroidManifest.xml:20:25-66
39
40                <category android:name="android.intent.category.LAUNCHER" />
40-->src/main/AndroidManifest.xml:21:17-77
40-->src/main/AndroidManifest.xml:21:27-74
41            </intent-filter>
42        </activity>
43        <activity
43-->[androidx.glance:glance-appwidget:1.0.0] AndroidManifest.xml:23:9-27:40
44            android:name="androidx.glance.appwidget.action.ActionTrampolineActivity"
44-->[androidx.glance:glance-appwidget:1.0.0] AndroidManifest.xml:24:13-85
45            android:enabled="true"
45-->[androidx.glance:glance-appwidget:1.0.0] AndroidManifest.xml:25:13-35
46            android:excludeFromRecents="true"
46-->[androidx.glance:glance-appwidget:1.0.0] AndroidManifest.xml:26:13-46
47            android:exported="false" />
47-->[androidx.glance:glance-appwidget:1.0.0] AndroidManifest.xml:27:13-37
48        <activity
48-->[androidx.glance:glance-appwidget:1.0.0] AndroidManifest.xml:28:9-35:81
49            android:name="androidx.glance.appwidget.action.InvisibleActionTrampolineActivity"
49-->[androidx.glance:glance-appwidget:1.0.0] AndroidManifest.xml:29:13-94
50            android:enabled="true"
50-->[androidx.glance:glance-appwidget:1.0.0] AndroidManifest.xml:30:13-35
51            android:exported="false"
51-->[androidx.glance:glance-appwidget:1.0.0] AndroidManifest.xml:31:13-37
52            android:launchMode="singleInstance"
52-->[androidx.glance:glance-appwidget:1.0.0] AndroidManifest.xml:32:13-48
53            android:noHistory="true"
53-->[androidx.glance:glance-appwidget:1.0.0] AndroidManifest.xml:33:13-37
54            android:taskAffinity="androidx.glance.appwidget.ListAdapterCallbackTrampoline"
54-->[androidx.glance:glance-appwidget:1.0.0] AndroidManifest.xml:34:13-91
55            android:theme="@style/Widget.Glance.AppWidget.CallbackTrampoline" />
55-->[androidx.glance:glance-appwidget:1.0.0] AndroidManifest.xml:35:13-78
56
57        <receiver
57-->[androidx.glance:glance-appwidget:1.0.0] AndroidManifest.xml:37:9-40:40
58            android:name="androidx.glance.appwidget.action.ActionCallbackBroadcastReceiver"
58-->[androidx.glance:glance-appwidget:1.0.0] AndroidManifest.xml:38:13-92
59            android:enabled="true"
59-->[androidx.glance:glance-appwidget:1.0.0] AndroidManifest.xml:39:13-35
60            android:exported="false" />
60-->[androidx.glance:glance-appwidget:1.0.0] AndroidManifest.xml:40:13-37
61        <receiver
61-->[androidx.glance:glance-appwidget:1.0.0] AndroidManifest.xml:41:9-48:20
62            android:name="androidx.glance.appwidget.MyPackageReplacedReceiver"
62-->[androidx.glance:glance-appwidget:1.0.0] AndroidManifest.xml:42:13-79
63            android:enabled="true"
63-->[androidx.glance:glance-appwidget:1.0.0] AndroidManifest.xml:43:13-35
64            android:exported="false" >
64-->[androidx.glance:glance-appwidget:1.0.0] AndroidManifest.xml:44:13-37
65            <intent-filter>
65-->[androidx.glance:glance-appwidget:1.0.0] AndroidManifest.xml:45:13-47:29
66                <action android:name="android.intent.action.MY_PACKAGE_REPLACED" />
66-->[androidx.glance:glance-appwidget:1.0.0] AndroidManifest.xml:46:17-84
66-->[androidx.glance:glance-appwidget:1.0.0] AndroidManifest.xml:46:25-81
67            </intent-filter>
68        </receiver>
69
70        <service
70-->[androidx.glance:glance-appwidget:1.0.0] AndroidManifest.xml:50:9-53:72
71            android:name="androidx.glance.appwidget.GlanceRemoteViewsService"
71-->[androidx.glance:glance-appwidget:1.0.0] AndroidManifest.xml:51:13-78
72            android:exported="true"
72-->[androidx.glance:glance-appwidget:1.0.0] AndroidManifest.xml:52:13-36
73            android:permission="android.permission.BIND_REMOTEVIEWS" />
73-->[androidx.glance:glance-appwidget:1.0.0] AndroidManifest.xml:53:13-69
74        <service
74-->[androidx.core:core-remoteviews:1.0.0] AndroidManifest.xml:24:9-27:63
75            android:name="androidx.core.widget.RemoteViewsCompatService"
75-->[androidx.core:core-remoteviews:1.0.0] AndroidManifest.xml:25:13-73
76            android:permission="android.permission.BIND_REMOTEVIEWS" />
76-->[androidx.core:core-remoteviews:1.0.0] AndroidManifest.xml:26:13-69
77
78        <provider
78-->[androidx.work:work-runtime:2.7.1] AndroidManifest.xml:31:9-39:20
79            android:name="androidx.startup.InitializationProvider"
79-->[androidx.work:work-runtime:2.7.1] AndroidManifest.xml:32:13-67
80            android:authorities="com.shortcuts.app.androidx-startup"
80-->[androidx.work:work-runtime:2.7.1] AndroidManifest.xml:33:13-68
81            android:exported="false" >
81-->[androidx.work:work-runtime:2.7.1] AndroidManifest.xml:34:13-37
82            <meta-data
82-->[androidx.work:work-runtime:2.7.1] AndroidManifest.xml:36:13-38:52
83                android:name="androidx.work.WorkManagerInitializer"
83-->[androidx.work:work-runtime:2.7.1] AndroidManifest.xml:37:17-68
84                android:value="androidx.startup" />
84-->[androidx.work:work-runtime:2.7.1] AndroidManifest.xml:38:17-49
85            <meta-data
85-->[androidx.emoji2:emoji2:1.4.0] AndroidManifest.xml:29:13-31:52
86                android:name="androidx.emoji2.text.EmojiCompatInitializer"
86-->[androidx.emoji2:emoji2:1.4.0] AndroidManifest.xml:30:17-75
87                android:value="androidx.startup" />
87-->[androidx.emoji2:emoji2:1.4.0] AndroidManifest.xml:31:17-49
88            <meta-data
88-->[androidx.lifecycle:lifecycle-process:2.7.0] AndroidManifest.xml:29:13-31:52
89                android:name="androidx.lifecycle.ProcessLifecycleInitializer"
89-->[androidx.lifecycle:lifecycle-process:2.7.0] AndroidManifest.xml:30:17-78
90                android:value="androidx.startup" />
90-->[androidx.lifecycle:lifecycle-process:2.7.0] AndroidManifest.xml:31:17-49
91            <meta-data
91-->[androidx.profileinstaller:profileinstaller:1.3.0] AndroidManifest.xml:29:13-31:52
92                android:name="androidx.profileinstaller.ProfileInstallerInitializer"
92-->[androidx.profileinstaller:profileinstaller:1.3.0] AndroidManifest.xml:30:17-85
93                android:value="androidx.startup" />
93-->[androidx.profileinstaller:profileinstaller:1.3.0] AndroidManifest.xml:31:17-49
94        </provider>
95
96        <service
96-->[androidx.work:work-runtime:2.7.1] AndroidManifest.xml:41:9-46:35
97            android:name="androidx.work.impl.background.systemalarm.SystemAlarmService"
97-->[androidx.work:work-runtime:2.7.1] AndroidManifest.xml:42:13-88
98            android:directBootAware="false"
98-->[androidx.work:work-runtime:2.7.1] AndroidManifest.xml:43:13-44
99            android:enabled="@bool/enable_system_alarm_service_default"
99-->[androidx.work:work-runtime:2.7.1] AndroidManifest.xml:44:13-72
100            android:exported="false" />
100-->[androidx.work:work-runtime:2.7.1] AndroidManifest.xml:45:13-37
101        <service
101-->[androidx.work:work-runtime:2.7.1] AndroidManifest.xml:47:9-53:35
102            android:name="androidx.work.impl.background.systemjob.SystemJobService"
102-->[androidx.work:work-runtime:2.7.1] AndroidManifest.xml:48:13-84
103            android:directBootAware="false"
103-->[androidx.work:work-runtime:2.7.1] AndroidManifest.xml:49:13-44
104            android:enabled="@bool/enable_system_job_service_default"
104-->[androidx.work:work-runtime:2.7.1] AndroidManifest.xml:50:13-70
105            android:exported="true"
105-->[androidx.work:work-runtime:2.7.1] AndroidManifest.xml:51:13-36
106            android:permission="android.permission.BIND_JOB_SERVICE" />
106-->[androidx.work:work-runtime:2.7.1] AndroidManifest.xml:52:13-69
107        <service
107-->[androidx.work:work-runtime:2.7.1] AndroidManifest.xml:54:9-59:35
108            android:name="androidx.work.impl.foreground.SystemForegroundService"
108-->[androidx.work:work-runtime:2.7.1] AndroidManifest.xml:55:13-81
109            android:directBootAware="false"
109-->[androidx.work:work-runtime:2.7.1] AndroidManifest.xml:56:13-44
110            android:enabled="@bool/enable_system_foreground_service_default"
110-->[androidx.work:work-runtime:2.7.1] AndroidManifest.xml:57:13-77
111            android:exported="false" />
111-->[androidx.work:work-runtime:2.7.1] AndroidManifest.xml:58:13-37
112
113        <receiver
113-->[androidx.work:work-runtime:2.7.1] AndroidManifest.xml:61:9-66:35
114            android:name="androidx.work.impl.utils.ForceStopRunnable$BroadcastReceiver"
114-->[androidx.work:work-runtime:2.7.1] AndroidManifest.xml:62:13-88
115            android:directBootAware="false"
115-->[androidx.work:work-runtime:2.7.1] AndroidManifest.xml:63:13-44
116            android:enabled="true"
116-->[androidx.work:work-runtime:2.7.1] AndroidManifest.xml:64:13-35
117            android:exported="false" />
117-->[androidx.work:work-runtime:2.7.1] AndroidManifest.xml:65:13-37
118        <receiver
118-->[androidx.work:work-runtime:2.7.1] AndroidManifest.xml:67:9-77:20
119            android:name="androidx.work.impl.background.systemalarm.ConstraintProxy$BatteryChargingProxy"
119-->[androidx.work:work-runtime:2.7.1] AndroidManifest.xml:68:13-106
120            android:directBootAware="false"
120-->[androidx.work:work-runtime:2.7.1] AndroidManifest.xml:69:13-44
121            android:enabled="false"
121-->[androidx.work:work-runtime:2.7.1] AndroidManifest.xml:70:13-36
122            android:exported="false" >
122-->[androidx.work:work-runtime:2.7.1] AndroidManifest.xml:71:13-37
123            <intent-filter>
123-->[androidx.work:work-runtime:2.7.1] AndroidManifest.xml:73:13-76:29
124                <action android:name="android.intent.action.ACTION_POWER_CONNECTED" />
124-->[androidx.work:work-runtime:2.7.1] AndroidManifest.xml:74:17-87
124-->[androidx.work:work-runtime:2.7.1] AndroidManifest.xml:74:25-84
125                <action android:name="android.intent.action.ACTION_POWER_DISCONNECTED" />
125-->[androidx.work:work-runtime:2.7.1] AndroidManifest.xml:75:17-90
125-->[androidx.work:work-runtime:2.7.1] AndroidManifest.xml:75:25-87
126            </intent-filter>
127        </receiver>
128        <receiver
128-->[androidx.work:work-runtime:2.7.1] AndroidManifest.xml:78:9-88:20
129            android:name="androidx.work.impl.background.systemalarm.ConstraintProxy$BatteryNotLowProxy"
129-->[androidx.work:work-runtime:2.7.1] AndroidManifest.xml:79:13-104
130            android:directBootAware="false"
130-->[androidx.work:work-runtime:2.7.1] AndroidManifest.xml:80:13-44
131            android:enabled="false"
131-->[androidx.work:work-runtime:2.7.1] AndroidManifest.xml:81:13-36
132            android:exported="false" >
132-->[androidx.work:work-runtime:2.7.1] AndroidManifest.xml:82:13-37
133            <intent-filter>
133-->[androidx.work:work-runtime:2.7.1] AndroidManifest.xml:84:13-87:29
134                <action android:name="android.intent.action.BATTERY_OKAY" />
134-->[androidx.work:work-runtime:2.7.1] AndroidManifest.xml:85:17-77
134-->[androidx.work:work-runtime:2.7.1] AndroidManifest.xml:85:25-74
135                <action android:name="android.intent.action.BATTERY_LOW" />
135-->[androidx.work:work-runtime:2.7.1] AndroidManifest.xml:86:17-76
135-->[androidx.work:work-runtime:2.7.1] AndroidManifest.xml:86:25-73
136            </intent-filter>
137        </receiver>
138        <receiver
138-->[androidx.work:work-runtime:2.7.1] AndroidManifest.xml:89:9-99:20
139            android:name="androidx.work.impl.background.systemalarm.ConstraintProxy$StorageNotLowProxy"
139-->[androidx.work:work-runtime:2.7.1] AndroidManifest.xml:90:13-104
140            android:directBootAware="false"
140-->[androidx.work:work-runtime:2.7.1] AndroidManifest.xml:91:13-44
141            android:enabled="false"
141-->[androidx.work:work-runtime:2.7.1] AndroidManifest.xml:92:13-36
142            android:exported="false" >
142-->[androidx.work:work-runtime:2.7.1] AndroidManifest.xml:93:13-37
143            <intent-filter>
143-->[androidx.work:work-runtime:2.7.1] AndroidManifest.xml:95:13-98:29
144                <action android:name="android.intent.action.DEVICE_STORAGE_LOW" />
144-->[androidx.work:work-runtime:2.7.1] AndroidManifest.xml:96:17-83
144-->[androidx.work:work-runtime:2.7.1] AndroidManifest.xml:96:25-80
145                <action android:name="android.intent.action.DEVICE_STORAGE_OK" />
145-->[androidx.work:work-runtime:2.7.1] AndroidManifest.xml:97:17-82
145-->[androidx.work:work-runtime:2.7.1] AndroidManifest.xml:97:25-79
146            </intent-filter>
147        </receiver>
148        <receiver
148-->[androidx.work:work-runtime:2.7.1] AndroidManifest.xml:100:9-109:20
149            android:name="androidx.work.impl.background.systemalarm.ConstraintProxy$NetworkStateProxy"
149-->[androidx.work:work-runtime:2.7.1] AndroidManifest.xml:101:13-103
150            android:directBootAware="false"
150-->[androidx.work:work-runtime:2.7.1] AndroidManifest.xml:102:13-44
151            android:enabled="false"
151-->[androidx.work:work-runtime:2.7.1] AndroidManifest.xml:103:13-36
152            android:exported="false" >
152-->[androidx.work:work-runtime:2.7.1] AndroidManifest.xml:104:13-37
153            <intent-filter>
153-->[androidx.work:work-runtime:2.7.1] AndroidManifest.xml:106:13-108:29
154                <action android:name="android.net.conn.CONNECTIVITY_CHANGE" />
154-->[androidx.work:work-runtime:2.7.1] AndroidManifest.xml:107:17-79
154-->[androidx.work:work-runtime:2.7.1] AndroidManifest.xml:107:25-76
155            </intent-filter>
156        </receiver>
157        <receiver
157-->[androidx.work:work-runtime:2.7.1] AndroidManifest.xml:110:9-121:20
158            android:name="androidx.work.impl.background.systemalarm.RescheduleReceiver"
158-->[androidx.work:work-runtime:2.7.1] AndroidManifest.xml:111:13-88
159            android:directBootAware="false"
159-->[androidx.work:work-runtime:2.7.1] AndroidManifest.xml:112:13-44
160            android:enabled="false"
160-->[androidx.work:work-runtime:2.7.1] AndroidManifest.xml:113:13-36
161            android:exported="false" >
161-->[androidx.work:work-runtime:2.7.1] AndroidManifest.xml:114:13-37
162            <intent-filter>
162-->[androidx.work:work-runtime:2.7.1] AndroidManifest.xml:116:13-120:29
163                <action android:name="android.intent.action.BOOT_COMPLETED" />
163-->[androidx.work:work-runtime:2.7.1] AndroidManifest.xml:117:17-79
163-->[androidx.work:work-runtime:2.7.1] AndroidManifest.xml:117:25-76
164                <action android:name="android.intent.action.TIME_SET" />
164-->[androidx.work:work-runtime:2.7.1] AndroidManifest.xml:118:17-73
164-->[androidx.work:work-runtime:2.7.1] AndroidManifest.xml:118:25-70
165                <action android:name="android.intent.action.TIMEZONE_CHANGED" />
165-->[androidx.work:work-runtime:2.7.1] AndroidManifest.xml:119:17-81
165-->[androidx.work:work-runtime:2.7.1] AndroidManifest.xml:119:25-78
166            </intent-filter>
167        </receiver>
168        <receiver
168-->[androidx.work:work-runtime:2.7.1] AndroidManifest.xml:122:9-131:20
169            android:name="androidx.work.impl.background.systemalarm.ConstraintProxyUpdateReceiver"
169-->[androidx.work:work-runtime:2.7.1] AndroidManifest.xml:123:13-99
170            android:directBootAware="false"
170-->[androidx.work:work-runtime:2.7.1] AndroidManifest.xml:124:13-44
171            android:enabled="@bool/enable_system_alarm_service_default"
171-->[androidx.work:work-runtime:2.7.1] AndroidManifest.xml:125:13-72
172            android:exported="false" >
172-->[androidx.work:work-runtime:2.7.1] AndroidManifest.xml:126:13-37
173            <intent-filter>
173-->[androidx.work:work-runtime:2.7.1] AndroidManifest.xml:128:13-130:29
174                <action android:name="androidx.work.impl.background.systemalarm.UpdateProxies" />
174-->[androidx.work:work-runtime:2.7.1] AndroidManifest.xml:129:17-98
174-->[androidx.work:work-runtime:2.7.1] AndroidManifest.xml:129:25-95
175            </intent-filter>
176        </receiver>
177        <receiver
177-->[androidx.work:work-runtime:2.7.1] AndroidManifest.xml:132:9-142:20
178            android:name="androidx.work.impl.diagnostics.DiagnosticsReceiver"
178-->[androidx.work:work-runtime:2.7.1] AndroidManifest.xml:133:13-78
179            android:directBootAware="false"
179-->[androidx.work:work-runtime:2.7.1] AndroidManifest.xml:134:13-44
180            android:enabled="true"
180-->[androidx.work:work-runtime:2.7.1] AndroidManifest.xml:135:13-35
181            android:exported="true"
181-->[androidx.work:work-runtime:2.7.1] AndroidManifest.xml:136:13-36
182            android:permission="android.permission.DUMP" >
182-->[androidx.work:work-runtime:2.7.1] AndroidManifest.xml:137:13-57
183            <intent-filter>
183-->[androidx.work:work-runtime:2.7.1] AndroidManifest.xml:139:13-141:29
184                <action android:name="androidx.work.diagnostics.REQUEST_DIAGNOSTICS" />
184-->[androidx.work:work-runtime:2.7.1] AndroidManifest.xml:140:17-88
184-->[androidx.work:work-runtime:2.7.1] AndroidManifest.xml:140:25-85
185            </intent-filter>
186        </receiver>
187
188        <service
188-->[androidx.room:room-runtime:2.6.1] AndroidManifest.xml:24:9-28:63
189            android:name="androidx.room.MultiInstanceInvalidationService"
189-->[androidx.room:room-runtime:2.6.1] AndroidManifest.xml:25:13-74
190            android:directBootAware="true"
190-->[androidx.room:room-runtime:2.6.1] AndroidManifest.xml:26:13-43
191            android:exported="false" />
191-->[androidx.room:room-runtime:2.6.1] AndroidManifest.xml:27:13-37
192
193        <receiver
193-->[androidx.profileinstaller:profileinstaller:1.3.0] AndroidManifest.xml:34:9-52:20
194            android:name="androidx.profileinstaller.ProfileInstallReceiver"
194-->[androidx.profileinstaller:profileinstaller:1.3.0] AndroidManifest.xml:35:13-76
195            android:directBootAware="false"
195-->[androidx.profileinstaller:profileinstaller:1.3.0] AndroidManifest.xml:36:13-44
196            android:enabled="true"
196-->[androidx.profileinstaller:profileinstaller:1.3.0] AndroidManifest.xml:37:13-35
197            android:exported="true"
197-->[androidx.profileinstaller:profileinstaller:1.3.0] AndroidManifest.xml:38:13-36
198            android:permission="android.permission.DUMP" >
198-->[androidx.profileinstaller:profileinstaller:1.3.0] AndroidManifest.xml:39:13-57
199            <intent-filter>
199-->[androidx.profileinstaller:profileinstaller:1.3.0] AndroidManifest.xml:40:13-42:29
200                <action android:name="androidx.profileinstaller.action.INSTALL_PROFILE" />
200-->[androidx.profileinstaller:profileinstaller:1.3.0] AndroidManifest.xml:41:17-91
200-->[androidx.profileinstaller:profileinstaller:1.3.0] AndroidManifest.xml:41:25-88
201            </intent-filter>
202            <intent-filter>
202-->[androidx.profileinstaller:profileinstaller:1.3.0] AndroidManifest.xml:43:13-45:29
203                <action android:name="androidx.profileinstaller.action.SKIP_FILE" />
203-->[androidx.profileinstaller:profileinstaller:1.3.0] AndroidManifest.xml:44:17-85
203-->[androidx.profileinstaller:profileinstaller:1.3.0] AndroidManifest.xml:44:25-82
204            </intent-filter>
205            <intent-filter>
205-->[androidx.profileinstaller:profileinstaller:1.3.0] AndroidManifest.xml:46:13-48:29
206                <action android:name="androidx.profileinstaller.action.SAVE_PROFILE" />
206-->[androidx.profileinstaller:profileinstaller:1.3.0] AndroidManifest.xml:47:17-88
206-->[androidx.profileinstaller:profileinstaller:1.3.0] AndroidManifest.xml:47:25-85
207            </intent-filter>
208            <intent-filter>
208-->[androidx.profileinstaller:profileinstaller:1.3.0] AndroidManifest.xml:49:13-51:29
209                <action android:name="androidx.profileinstaller.action.BENCHMARK_OPERATION" />
209-->[androidx.profileinstaller:profileinstaller:1.3.0] AndroidManifest.xml:50:17-95
209-->[androidx.profileinstaller:profileinstaller:1.3.0] AndroidManifest.xml:50:25-92
210            </intent-filter>
211        </receiver>
212
213        <service
213-->[com.google.android.datatransport:transport-backend-cct:3.1.0] AndroidManifest.xml:29:9-35:19
214            android:name="com.google.android.datatransport.runtime.backends.TransportBackendDiscovery"
214-->[com.google.android.datatransport:transport-backend-cct:3.1.0] AndroidManifest.xml:30:13-103
215            android:exported="false" >
215-->[com.google.android.datatransport:transport-backend-cct:3.1.0] AndroidManifest.xml:31:13-37
216            <meta-data
216-->[com.google.android.datatransport:transport-backend-cct:3.1.0] AndroidManifest.xml:32:13-34:39
217                android:name="backend:com.google.android.datatransport.cct.CctBackendFactory"
217-->[com.google.android.datatransport:transport-backend-cct:3.1.0] AndroidManifest.xml:33:17-94
218                android:value="cct" />
218-->[com.google.android.datatransport:transport-backend-cct:3.1.0] AndroidManifest.xml:34:17-36
219        </service>
220        <service
220-->[com.google.android.datatransport:transport-runtime:3.1.0] AndroidManifest.xml:26:9-30:19
221            android:name="com.google.android.datatransport.runtime.scheduling.jobscheduling.JobInfoSchedulerService"
221-->[com.google.android.datatransport:transport-runtime:3.1.0] AndroidManifest.xml:27:13-117
222            android:exported="false"
222-->[com.google.android.datatransport:transport-runtime:3.1.0] AndroidManifest.xml:28:13-37
223            android:permission="android.permission.BIND_JOB_SERVICE" >
223-->[com.google.android.datatransport:transport-runtime:3.1.0] AndroidManifest.xml:29:13-69
224        </service>
225
226        <receiver
226-->[com.google.android.datatransport:transport-runtime:3.1.0] AndroidManifest.xml:32:9-34:40
227            android:name="com.google.android.datatransport.runtime.scheduling.jobscheduling.AlarmManagerSchedulerBroadcastReceiver"
227-->[com.google.android.datatransport:transport-runtime:3.1.0] AndroidManifest.xml:33:13-132
228            android:exported="false" />
228-->[com.google.android.datatransport:transport-runtime:3.1.0] AndroidManifest.xml:34:13-37
229    </application>
230
231</manifest>